Flow report for LDPC
Wed May  1 15:10:50 2019
Quartus Prime Version 18.1.0 Build 625 09/12/2018 SJ Lite Edition


---------------------
; Table of Contents ;
---------------------
  1. Legal Notice
  2. Flow Summary
  3. Flow Settings
  4. Flow Non-Default Global Settings
  5. Flow Elapsed Time
  6. Flow OS Summary
  7. Flow Log
  8. Flow Messages
  9. Flow Suppressed Messages



----------------
; Legal Notice ;
----------------
Copyright (C) 2018  Intel Corporation. All rights reserved.
Your use of Intel Corporation's design tools, logic functions 
and other software and tools, and its AMPP partner logic 
functions, and any output files from any of the foregoing 
(including device programming or simulation files), and any 
associated documentation or information are expressly subject 
to the terms and conditions of the Intel Program License 
Subscription Agreement, the Intel Quartus Prime License Agreement,
the Intel FPGA IP License Agreement, or other applicable license
agreement, including, without limitation, that your use is for
the sole purpose of programming logic devices manufactured by
Intel and sold by Intel or its authorized distributors.  Please
refer to the applicable agreement for further details.



+----------------------------------------------------------------------------------+
; Flow Summary                                                                     ;
+------------------------------------+---------------------------------------------+
; Flow Status                        ; Successful - Wed May  1 15:10:50 2019       ;
; Quartus Prime Version              ; 18.1.0 Build 625 09/12/2018 SJ Lite Edition ;
; Revision Name                      ; LDPC                                        ;
; Top-level Entity Name              ; LDPC                                        ;
; Family                             ; Cyclone IV E                                ;
; Device                             ; EP4CE22F17C6                                ;
; Timing Models                      ; Final                                       ;
; Total logic elements               ; 1,954 / 22,320 ( 9 % )                      ;
;     Total combinational functions  ; 1,806 / 22,320 ( 8 % )                      ;
;     Dedicated logic registers      ; 1,085 / 22,320 ( 5 % )                      ;
; Total registers                    ; 1085                                        ;
; Total pins                         ; 2 / 154 ( 1 % )                             ;
; Total virtual pins                 ; 0                                           ;
; Total memory bits                  ; 273,408 / 608,256 ( 45 % )                  ;
; Embedded Multiplier 9-bit elements ; 0 / 132 ( 0 % )                             ;
; Total PLLs                         ; 0 / 4 ( 0 % )                               ;
+------------------------------------+---------------------------------------------+


+-----------------------------------------+
; Flow Settings                           ;
+-------------------+---------------------+
; Option            ; Setting             ;
+-------------------+---------------------+
; Start date & time ; 05/01/2019 15:09:51 ;
; Main task         ; Compilation         ;
; Revision Name     ; LDPC                ;
+-------------------+---------------------+


+---------------------------------------------------------------------------------------------------------------------------------------------+
; Flow Non-Default Global Settings                                                                                                            ;
+-------------------------------------+--------------------------------------------------------+---------------+-------------+----------------+
; Assignment Name                     ; Value                                                  ; Default Value ; Entity Name ; Section Id     ;
+-------------------------------------+--------------------------------------------------------+---------------+-------------+----------------+
; COMPILER_SIGNATURE_ID               ; 61986969763407.155670359104294                         ; --            ; --          ; --             ;
; EDA_OUTPUT_DATA_FORMAT              ; Verilog Hdl                                            ; --            ; --          ; eda_simulation ;
; EDA_SIMULATION_TOOL                 ; ModelSim-Altera (Verilog)                              ; <None>        ; --          ; --             ;
; EDA_TIME_SCALE                      ; 1 ps                                                   ; --            ; --          ; eda_simulation ;
; MAX_CORE_JUNCTION_TEMP              ; 85                                                     ; --            ; --          ; --             ;
; MIN_CORE_JUNCTION_TEMP              ; 0                                                      ; --            ; --          ; --             ;
; MISC_FILE                           ; LDPC/synthesis/../LDPC.cmp                             ; --            ; --          ; --             ;
; MISC_FILE                           ; LDPC/synthesis/../../LDPC.qsys                         ; --            ; --          ; --             ;
; NOMINAL_CORE_SUPPLY_VOLTAGE         ; 1.2V                                                   ; --            ; --          ; --             ;
; PARTITION_COLOR                     ; -- (Not supported for targeted family)                 ; --            ; --          ; Top            ;
; PARTITION_FITTER_PRESERVATION_LEVEL ; -- (Not supported for targeted family)                 ; --            ; --          ; Top            ;
; PARTITION_NETLIST_TYPE              ; -- (Not supported for targeted family)                 ; --            ; --          ; Top            ;
; POWER_BOARD_THERMAL_MODEL           ; None (CONSERVATIVE)                                    ; --            ; --          ; --             ;
; POWER_PRESET_COOLING_SOLUTION       ; 23 MM HEAT SINK WITH 200 LFPM AIRFLOW                  ; --            ; --          ; --             ;
; PROJECT_OUTPUT_DIRECTORY            ; output_files                                           ; --            ; --          ; --             ;
; SLD_FILE                            ; LDPC/synthesis/LDPC.regmap                             ; --            ; --          ; --             ;
; SLD_FILE                            ; LDPC/synthesis/LDPC.debuginfo                          ; --            ; --          ; --             ;
; SLD_INFO                            ; QSYS_NAME LDPC HAS_SOPCINFO 1 GENERATION_ID 1556703479 ; --            ; --          ; --             ;
; SOPCINFO_FILE                       ; LDPC/synthesis/../../LDPC.sopcinfo                     ; --            ; --          ; --             ;
; SYNTHESIS_ONLY_QIP                  ; On                                                     ; --            ; --          ; --             ;
+-------------------------------------+--------------------------------------------------------+---------------+-------------+----------------+


+--------------------------------------------------------------------------------------------------------------------------+
; Flow Elapsed Time                                                                                                        ;
+----------------------+--------------+-------------------------+---------------------+------------------------------------+
; Module Name          ; Elapsed Time ; Average Processors Used ; Peak Virtual Memory ; Total CPU Time (on all processors) ;
+----------------------+--------------+-------------------------+---------------------+------------------------------------+
; Analysis & Synthesis ; 00:00:34     ; 1.0                     ; 1099 MB             ; 00:01:05                           ;
; Fitter               ; 00:00:10     ; 1.1                     ; 1573 MB             ; 00:00:13                           ;
; Assembler            ; 00:00:02     ; 1.0                     ; 826 MB              ; 00:00:02                           ;
; Timing Analyzer      ; 00:00:03     ; 1.2                     ; 886 MB              ; 00:00:03                           ;
; EDA Netlist Writer   ; 00:00:05     ; 1.0                     ; 1093 MB             ; 00:00:04                           ;
; Total                ; 00:00:54     ; --                      ; --                  ; 00:01:27                           ;
+----------------------+--------------+-------------------------+---------------------+------------------------------------+


+----------------------------------------------------------------------------------------+
; Flow OS Summary                                                                        ;
+----------------------+------------------+----------------+------------+----------------+
; Module Name          ; Machine Hostname ; OS Name        ; OS Version ; Processor type ;
+----------------------+------------------+----------------+------------+----------------+
; Analysis & Synthesis ; hpc22            ; Ubuntu 18.04.2 ; 18         ; x86_64         ;
; Fitter               ; hpc22            ; Ubuntu 18.04.2 ; 18         ; x86_64         ;
; Assembler            ; hpc22            ; Ubuntu 18.04.2 ; 18         ; x86_64         ;
; Timing Analyzer      ; hpc22            ; Ubuntu 18.04.2 ; 18         ; x86_64         ;
; EDA Netlist Writer   ; hpc22            ; Ubuntu 18.04.2 ; 18         ; x86_64         ;
+----------------------+------------------+----------------+------------+----------------+


------------
; Flow Log ;
------------
quartus_map --read_settings_files=on --write_settings_files=off LDPC -c LDPC
quartus_fit --read_settings_files=off --write_settings_files=off LDPC -c LDPC
quartus_asm --read_settings_files=off --write_settings_files=off LDPC -c LDPC
quartus_sta LDPC -c LDPC
quartus_eda --read_settings_files=off --write_settings_files=off LDPC -c LDPC



