Qflow migration logfile created on Thu May 2 17:26:58 IST 2019
magic -dnull -noconsole  migrate_mkLdpcCore.tcl

Magic 8.2 revision 110 - Compiled on Wed May  1 11:34:27 IST 2019.
Starting magic under Tcl interpreter
Using the terminal as the console.
Using NULL graphics device.
Processing system .magicrc file
Input style lambda=0.20(p): scaleFactor=20, multiplier=1
Contact size value ignored (using GDS generation rules).
Contact size value ignored (using GDS generation rules).
Contact size value ignored (using GDS generation rules).
Contact size value ignored (using GDS generation rules).
Contact size value ignored (using GDS generation rules).
Contact size value ignored (using GDS generation rules).
4 Magic internal units = 1 Lambda
Loading "migrate_mkLdpcCore.tcl" from command line.
Root cell box:
           width x height  (   llx,  lly  ), (   urx,  ury  )

microns:    0.00 x 0.00    (  0.00,  0.00 ), (  0.00,  0.00 )
lambda:     0.00 x 0.00    (  0.00,  0.00 ), (  0.00,  0.00 )
internal:      0 x 0       (     0,  0    ), (     0,  0    )
Reading LEF data from file /usr/local/share/qflow/tech/osu035/osu035_stdcells.lef.
This action cannot be undone.
LEF Read, Line 16: Unknown keyword "OBS" in LEF file; ignoring.
LEF Read, Line 17: Unknown keyword "PIN" in LEF file; ignoring.
LEF file:  Defines site corner (ignored)
LEF file:  Defines site IO (ignored)
LEF file:  Defines site core (ignored)
Moving label "CLK" from metal1 to m2contact in cell DFFNEGX1.
Moving label "CLK" from metal1 to m2contact in cell DFFNEGX1.
Moving label "A" from metal1 to m2contact in cell XNOR2X1.
LEF read: Processed 3179 lines.
LEF Read: encountered 2 errors total.
Reading DEF data from file mkLdpcCore.def.
This action cannot be undone.
  Processed 3 vias total.
  Processed 3622 subcell instances total.
  Processed 22 pins total.
  Processed 3232 nets total.
LEF Read, Line 41042: Warning:  Number of nets read (649) does not match the number declared (648).
DEF read: Processed 41043 lines.
LEF Read: encountered 1 error total.
Generating LEF output mkLdpcCore.lef for cell mkLdpcCore:
Diagnostic:  Write LEF header for cell mkLdpcCore
Diagnostic:  Writing LEF output for cell mkLdpcCore
Diagnostic:  Scale value is 0.050000
Extracting XOR2X1 into XOR2X1.ext:
Extracting NOR3X1 into NOR3X1.ext:
Extracting OR2X2 into OR2X2.ext:
Extracting AOI21X1 into AOI21X1.ext:
Extracting XNOR2X1 into XNOR2X1.ext:
Extracting BUFX2 into BUFX2.ext:
Extracting FILL into FILL.ext:
Extracting NAND3X1 into NAND3X1.ext:
Extracting NOR2X1 into NOR2X1.ext:
Extracting AOI22X1 into AOI22X1.ext:
Extracting CLKBUF1 into CLKBUF1.ext:
Extracting NAND2X1 into NAND2X1.ext:
Extracting AND2X2 into AND2X2.ext:
Extracting INVX1 into INVX1.ext:
Extracting OAI21X1 into OAI21X1.ext:
Extracting DFFPOSX1 into DFFPOSX1.ext:
Extracting mkLdpcCore into mkLdpcCore.ext:
Completed 5%
Completed 10%
Completed 15%
Completed 20%
Completed 25%
Completed 30%
Completed 35%
Completed 40%
Completed 45%
Completed 50%
Completed 55%
Completed 60%
Completed 66%
Completed 71%
Completed 76%
Completed 81%
Completed 86%
Completed 91%
Completed 96%
Completed 100%
exttospice finished.
Migration script ended on Thu May 2 17:27:03 IST 2019
